# JRE version: OpenJDK Runtime Environment Temurin-17.0.8.1+1 (17.0.8.1+1) (build 17.0.8.1+1)
# Java VM: OpenJDK 64-Bit Server VM Temurin-17.0.8.1+1 (17.0.8.1+1, mixed mode, tiered, compressed oops, compressed class ptrs, parallel gc, linux-amd64)
GC Precious Log:
 CPUs: 24 total, 24 available
 Memory: 31231M
 Large Page Support: Disabled
 NUMA Support: Disabled
 Compressed Oops: Enabled (32-bit)
 Alignments: Space 512K, Generation 512K, Heap 2M
 Heap Min Capacity: 100M
 Heap Initial Capacity: 100M
 Heap Max Capacity: 1G
 Pre-touch: Disabled
 Parallel Workers: 18
Heap:
 PSYoungGen      total 17920K, used 3742K [0x00000000eab00000, 0x00000000ec080000, 0x0000000100000000)
  eden space 13824K, 0% used [0x00000000eab00000,0x00000000eab00000,0x00000000eb880000)
  from space 4096K, 91% used [0x00000000eb980000,0x00000000ebd27ab0,0x00000000ebd80000)
  to   space 3072K, 0% used [0x00000000ebd80000,0x00000000ebd80000,0x00000000ec080000)
 ParOldGen       total 89600K, used 87894K [0x00000000c0000000, 0x00000000c5780000, 0x00000000eab00000)
  object space 89600K, 98% used [0x00000000c0000000,0x00000000c55d5b88,0x00000000c5780000)
 Metaspace       used 70734K, committed 71808K, reserved 1114112K
  class space    used 8118K, committed 8576K, reserved 1048576K
GC Heap History (20 events):
Event: 2.218 GC heap after
{Heap after GC invocations=47 (full 4):
 PSYoungGen      total 16384K, used 2559K [0x00000000eab00000, 0x00000000ec500000, 0x0000000100000000)
  eden space 13824K, 0% used [0x00000000eab00000,0x00000000eab00000,0x00000000eb880000)
  from space 2560K, 99% used [0x00000000ebd80000,0x00000000ebfffcc8,0x00000000ec000000)
  to   space 5120K, 0% used [0x00000000eb880000,0x00000000eb880000,0x00000000ebd80000)
 ParOldGen       total 89600K, used 64038K [0x00000000c0000000, 0x00000000c5780000, 0x00000000eab00000)
  object space 89600K, 71% used [0x00000000c0000000,0x00000000c3e89a38,0x00000000c5780000)
 Metaspace       used 68395K, committed 69376K, reserved 1114112K
  class space    used 7880K, committed 8320K, reserved 1048576K
}
Event: 2.232 GC heap before
{Heap before GC invocations=48 (full 4):
 PSYoungGen      total 16384K, used 16383K [0x00000000eab00000, 0x00000000ec500000, 0x0000000100000000)
  eden space 13824K, 100% used [0x00000000eab00000,0x00000000eb880000,0x00000000eb880000)
  from space 2560K, 99% used [0x00000000ebd80000,0x00000000ebfffcc8,0x00000000ec000000)
  to   space 5120K, 0% used [0x00000000eb880000,0x00000000eb880000,0x00000000ebd80000)
 ParOldGen       total 89600K, used 64038K [0x00000000c0000000, 0x00000000c5780000, 0x00000000eab00000)
  object space 89600K, 71% used [0x00000000c0000000,0x00000000c3e89a38,0x00000000c5780000)
 Metaspace       used 68791K, committed 69760K, reserved 1114112K
  class space    used 7903K, committed 8320K, reserved 1048576K
}
Event: 2.233 GC heap after
{Heap after GC invocations=48 (full 4):
 PSYoungGen      total 16896K, used 2951K [0x00000000eab00000, 0x00000000ebf80000, 0x0000000100000000)
  eden space 13824K, 0% used [0x00000000eab00000,0x00000000eab00000,0x00000000eb880000)
  from space 3072K, 96% used [0x00000000eb880000,0x00000000ebb61cd0,0x00000000ebb80000)
  to   space 3584K, 0% used [0x00000000ebc00000,0x00000000ebc00000,0x00000000ebf80000)
 ParOldGen       total 89600K, used 66600K [0x00000000c0000000, 0x00000000c5780000, 0x00000000eab00000)
  object space 89600K, 74% used [0x00000000c0000000,0x00000000c410a0b0,0x00000000c5780000)
 Metaspace       used 68791K, committed 69760K, reserved 1114112K
  class space    used 7903K, committed 8320K, reserved 1048576K
}
Event: 2.244 GC heap before
{Heap before GC invocations=49 (full 4):
 PSYoungGen      total 16896K, used 16775K [0x00000000eab00000, 0x00000000ebf80000, 0x0000000100000000)
  eden space 13824K, 100% used [0x00000000eab00000,0x00000000eb880000,0x00000000eb880000)
  from space 3072K, 96% used [0x00000000eb880000,0x00000000ebb61cd0,0x00000000ebb80000)
  to   space 3584K, 0% used [0x00000000ebc00000,0x00000000ebc00000,0x00000000ebf80000)
 ParOldGen       total 89600K, used 66600K [0x00000000c0000000, 0x00000000c5780000, 0x00000000eab00000)
  object space 89600K, 74% used [0x00000000c0000000,0x00000000c410a0b0,0x00000000c5780000)
 Metaspace       used 69172K, committed 70208K, reserved 1114112K
  class space    used 7939K, committed 8384K, reserved 1048576K
}
Event: 2.247 GC heap after
{Heap after GC invocations=49 (full 4):
 PSYoungGen      total 16896K, used 2683K [0x00000000eab00000, 0x00000000ebf00000, 0x0000000100000000)
  eden space 13824K, 0% used [0x00000000eab00000,0x00000000eab00000,0x00000000eb880000)
  from space 3072K, 87% used [0x00000000ebc00000,0x00000000ebe9ece8,0x00000000ebf00000)
  to   space 3072K, 0% used [0x00000000eb880000,0x00000000eb880000,0x00000000ebb80000)
 ParOldGen       total 89600K, used 69390K [0x00000000c0000000, 0x00000000c5780000, 0x00000000eab00000)
  object space 89600K, 77% used [0x00000000c0000000,0x00000000c43c39d8,0x00000000c5780000)
 Metaspace       used 69172K, committed 70208K, reserved 1114112K
  class space    used 7939K, committed 8384K, reserved 1048576K
}
Event: 2.258 GC heap before
{Heap before GC invocations=50 (full 4):
 PSYoungGen      total 16896K, used 16507K [0x00000000eab00000, 0x00000000ebf00000, 0x0000000100000000)
  eden space 13824K, 100% used [0x00000000eab00000,0x00000000eb880000,0x00000000eb880000)
  from space 3072K, 87% used [0x00000000ebc00000,0x00000000ebe9ece8,0x00000000ebf00000)
  to   space 3072K, 0% used [0x00000000eb880000,0x00000000eb880000,0x00000000ebb80000)
 ParOldGen       total 89600K, used 69390K [0x00000000c0000000, 0x00000000c5780000, 0x00000000eab00000)
  object space 89600K, 77% used [0x00000000c0000000,0x00000000c43c39d8,0x00000000c5780000)
 Metaspace       used 69515K, committed 70528K, reserved 1114112K
  class space    used 7963K, committed 8384K, reserved 1048576K
}
Event: 2.261 GC heap after
{Heap after GC invocations=50 (full 4):
 PSYoungGen      total 16896K, used 2573K [0x00000000eab00000, 0x00000000ebe80000, 0x0000000100000000)
  eden space 13824K, 0% used [0x00000000eab00000,0x00000000eab00000,0x00000000eb880000)
  from space 3072K, 83% used [0x00000000eb880000,0x00000000ebb03660,0x00000000ebb80000)
  to   space 3072K, 0% used [0x00000000ebb80000,0x00000000ebb80000,0x00000000ebe80000)
 ParOldGen       total 89600K, used 71977K [0x00000000c0000000, 0x00000000c5780000, 0x00000000eab00000)
  object space 89600K, 80% used [0x00000000c0000000,0x00000000c464a698,0x00000000c5780000)
 Metaspace       used 69515K, committed 70528K, reserved 1114112K
  class space    used 7963K, committed 8384K, reserved 1048576K
}
Event: 2.273 GC heap before
{Heap before GC invocations=51 (full 4):
 PSYoungGen      total 16896K, used 16397K [0x00000000eab00000, 0x00000000ebe80000, 0x0000000100000000)
  eden space 13824K, 100% used [0x00000000eab00000,0x00000000eb880000,0x00000000eb880000)
  from space 3072K, 83% used [0x00000000eb880000,0x00000000ebb03660,0x00000000ebb80000)
  to   space 3072K, 0% used [0x00000000ebb80000,0x00000000ebb80000,0x00000000ebe80000)
 ParOldGen       total 89600K, used 71977K [0x00000000c0000000, 0x00000000c5780000, 0x00000000eab00000)
  object space 89600K, 80% used [0x00000000c0000000,0x00000000c464a698,0x00000000c5780000)
 Metaspace       used 69769K, committed 70848K, reserved 1114112K
  class space    used 8000K, committed 8448K, reserved 1048576K
}
Event: 2.275 GC heap after
{Heap after GC invocations=51 (full 4):
 PSYoungGen      total 16896K, used 2743K [0x00000000eab00000, 0x00000000ebe80000, 0x0000000100000000)
  eden space 13824K, 0% used [0x00000000eab00000,0x00000000eab00000,0x00000000eb880000)
  from space 3072K, 89% used [0x00000000ebb80000,0x00000000ebe2dd90,0x00000000ebe80000)
  to   space 3072K, 0% used [0x00000000eb880000,0x00000000eb880000,0x00000000ebb80000)
 ParOldGen       total 89600K, used 74309K [0x00000000c0000000, 0x00000000c5780000, 0x00000000eab00000)
  object space 89600K, 82% used [0x00000000c0000000,0x00000000c4891518,0x00000000c5780000)
 Metaspace       used 69769K, committed 70848K, reserved 1114112K
  class space    used 8000K, committed 8448K, reserved 1048576K
}
Event: 2.295 GC heap before
{Heap before GC invocations=52 (full 4):
 PSYoungGen      total 16896K, used 16567K [0x00000000eab00000, 0x00000000ebe80000, 0x0000000100000000)
  eden space 13824K, 100% used [0x00000000eab00000,0x00000000eb880000,0x00000000eb880000)
  from space 3072K, 89% used [0x00000000ebb80000,0x00000000ebe2dd90,0x00000000ebe80000)
  to   space 3072K, 0% used [0x00000000eb880000,0x00000000eb880000,0x00000000ebb80000)
 ParOldGen       total 89600K, used 74310K [0x00000000c0000000, 0x00000000c5780000, 0x00000000eab00000)
  object space 89600K, 82% used [0x00000000c0000000,0x00000000c4891928,0x00000000c5780000)
 Metaspace       used 70465K, committed 71616K, reserved 1114112K
  class space    used 8072K, committed 8576K, reserved 1048576K
}
Event: 2.297 GC heap after
{Heap after GC invocations=52 (full 4):
 PSYoungGen      total 16896K, used 2650K [0x00000000eab00000, 0x00000000ebe80000, 0x0000000100000000)
  eden space 13824K, 0% used [0x00000000eab00000,0x00000000eab00000,0x00000000eb880000)
  from space 3072K, 86% used [0x00000000eb880000,0x00000000ebb16ad8,0x00000000ebb80000)
  to   space 3072K, 0% used [0x00000000ebb80000,0x00000000ebb80000,0x00000000ebe80000)
 ParOldGen       total 89600K, used 76848K [0x00000000c0000000, 0x00000000c5780000, 0x00000000eab00000)
  object space 89600K, 85% used [0x00000000c0000000,0x00000000c4b0c0b0,0x00000000c5780000)
 Metaspace       used 70465K, committed 71616K, reserved 1114112K
  class space    used 8072K, committed 8576K, reserved 1048576K
}
Event: 2.320 GC heap before
{Heap before GC invocations=53 (full 4):
 PSYoungGen      total 16896K, used 16474K [0x00000000eab00000, 0x00000000ebe80000, 0x0000000100000000)
  eden space 13824K, 100% used [0x00000000eab00000,0x00000000eb880000,0x00000000eb880000)
  from space 3072K, 86% used [0x00000000eb880000,0x00000000ebb16ad8,0x00000000ebb80000)
  to   space 3072K, 0% used [0x00000000ebb80000,0x00000000ebb80000,0x00000000ebe80000)
 ParOldGen       total 89600K, used 76858K [0x00000000c0000000, 0x00000000c5780000, 0x00000000eab00000)
  object space 89600K, 85% used [0x00000000c0000000,0x00000000c4b0ea48,0x00000000c5780000)
 Metaspace       used 70707K, committed 71808K, reserved 1114112K
  class space    used 8114K, committed 8576K, reserved 1048576K
}
Event: 2.321 GC heap after
{Heap after GC invocations=53 (full 4):
 PSYoungGen      total 16384K, used 2431K [0x00000000eab00000, 0x00000000ebe00000, 0x0000000100000000)
  eden space 13824K, 0% used [0x00000000eab00000,0x00000000eab00000,0x00000000eb880000)
  from space 2560K, 94% used [0x00000000ebb80000,0x00000000ebddfc28,0x00000000ebe00000)
  to   space 2560K, 0% used [0x00000000eb900000,0x00000000eb900000,0x00000000ebb80000)
 ParOldGen       total 89600K, used 79313K [0x00000000c0000000, 0x00000000c5780000, 0x00000000eab00000)
  object space 89600K, 88% used [0x00000000c0000000,0x00000000c4d747d8,0x00000000c5780000)
 Metaspace       used 70707K, committed 71808K, reserved 1114112K
  class space    used 8114K, committed 8576K, reserved 1048576K
}
Event: 2.336 GC heap before
{Heap before GC invocations=54 (full 4):
 PSYoungGen      total 16384K, used 16255K [0x00000000eab00000, 0x00000000ebe00000, 0x0000000100000000)
  eden space 13824K, 100% used [0x00000000eab00000,0x00000000eb880000,0x00000000eb880000)
  from space 2560K, 94% used [0x00000000ebb80000,0x00000000ebddfc28,0x00000000ebe00000)
  to   space 2560K, 0% used [0x00000000eb900000,0x00000000eb900000,0x00000000ebb80000)
 ParOldGen       total 89600K, used 79313K [0x00000000c0000000, 0x00000000c5780000, 0x00000000eab00000)
  object space 89600K, 88% used [0x00000000c0000000,0x00000000c4d747d8,0x00000000c5780000)
 Metaspace       used 70707K, committed 71808K, reserved 1114112K
  class space    used 8114K, committed 8576K, reserved 1048576K
}
Event: 2.339 GC heap after
{Heap after GC invocations=54 (full 4):
 PSYoungGen      total 16384K, used 2539K [0x00000000eab00000, 0x00000000ec580000, 0x0000000100000000)
  eden space 13824K, 0% used [0x00000000eab00000,0x00000000eab00000,0x00000000eb880000)
  from space 2560K, 99% used [0x00000000eb900000,0x00000000ebb7afa8,0x00000000ebb80000)
  to   space 6656K, 0% used [0x00000000ebf00000,0x00000000ebf00000,0x00000000ec580000)
 ParOldGen       total 89600K, used 82392K [0x00000000c0000000, 0x00000000c5780000, 0x00000000eab00000)
  object space 89600K, 91% used [0x00000000c0000000,0x00000000c5076350,0x00000000c5780000)
 Metaspace       used 70707K, committed 71808K, reserved 1114112K
  class space    used 8114K, committed 8576K, reserved 1048576K
}
Event: 2.359 GC heap before
{Heap before GC invocations=55 (full 4):
 PSYoungGen      total 16384K, used 16363K [0x00000000eab00000, 0x00000000ec580000, 0x0000000100000000)
  eden space 13824K, 100% used [0x00000000eab00000,0x00000000eb880000,0x00000000eb880000)
  from space 2560K, 99% used [0x00000000eb900000,0x00000000ebb7afa8,0x00000000ebb80000)
  to   space 6656K, 0% used [0x00000000ebf00000,0x00000000ebf00000,0x00000000ec580000)
 ParOldGen       total 89600K, used 82392K [0x00000000c0000000, 0x00000000c5780000, 0x00000000eab00000)
  object space 89600K, 91% used [0x00000000c0000000,0x00000000c5076350,0x00000000c5780000)
 Metaspace       used 70714K, committed 71808K, reserved 1114112K
  class space    used 8115K, committed 8576K, reserved 1048576K
}
Event: 2.362 GC heap after
{Heap after GC invocations=55 (full 4):
 PSYoungGen      total 17408K, used 3471K [0x00000000eab00000, 0x00000000ec280000, 0x0000000100000000)
  eden space 13824K, 0% used [0x00000000eab00000,0x00000000eab00000,0x00000000eb880000)
  from space 3584K, 96% used [0x00000000ebf00000,0x00000000ec263f98,0x00000000ec280000)
  to   space 4608K, 0% used [0x00000000eb980000,0x00000000eb980000,0x00000000ebe00000)
 ParOldGen       total 89600K, used 84787K [0x00000000c0000000, 0x00000000c5780000, 0x00000000eab00000)
  object space 89600K, 94% used [0x00000000c0000000,0x00000000c52ccc58,0x00000000c5780000)
 Metaspace       used 70714K, committed 71808K, reserved 1114112K
  class space    used 8115K, committed 8576K, reserved 1048576K
}
Event: 2.380 GC heap before
{Heap before GC invocations=56 (full 4):
 PSYoungGen      total 17408K, used 17295K [0x00000000eab00000, 0x00000000ec280000, 0x0000000100000000)
  eden space 13824K, 100% used [0x00000000eab00000,0x00000000eb880000,0x00000000eb880000)
  from space 3584K, 96% used [0x00000000ebf00000,0x00000000ec263f98,0x00000000ec280000)
  to   space 4608K, 0% used [0x00000000eb980000,0x00000000eb980000,0x00000000ebe00000)
 ParOldGen       total 89600K, used 84787K [0x00000000c0000000, 0x00000000c5780000, 0x00000000eab00000)
  object space 89600K, 94% used [0x00000000c0000000,0x00000000c52ccc58,0x00000000c5780000)
 Metaspace       used 70734K, committed 71808K, reserved 1114112K
  class space    used 8118K, committed 8576K, reserved 1048576K
}
Event: 2.383 GC heap after
{Heap after GC invocations=56 (full 4):
 PSYoungGen      total 17920K, used 3742K [0x00000000eab00000, 0x00000000ec080000, 0x0000000100000000)
  eden space 13824K, 0% used [0x00000000eab00000,0x00000000eab00000,0x00000000eb880000)
  from space 4096K, 91% used [0x00000000eb980000,0x00000000ebd27ab0,0x00000000ebd80000)
  to   space 3072K, 0% used [0x00000000ebd80000,0x00000000ebd80000,0x00000000ec080000)
 ParOldGen       total 89600K, used 87894K [0x00000000c0000000, 0x00000000c5780000, 0x00000000eab00000)
  object space 89600K, 98% used [0x00000000c0000000,0x00000000c55d5b88,0x00000000c5780000)
 Metaspace       used 70734K, committed 71808K, reserved 1114112K
  class space    used 8118K, committed 8576K, reserved 1048576K
}
Event: 2.383 GC heap before
{Heap before GC invocations=57 (full 5):
 PSYoungGen      total 17920K, used 3742K [0x00000000eab00000, 0x00000000ec080000, 0x0000000100000000)
  eden space 13824K, 0% used [0x00000000eab00000,0x00000000eab00000,0x00000000eb880000)
  from space 4096K, 91% used [0x00000000eb980000,0x00000000ebd27ab0,0x00000000ebd80000)
  to   space 3072K, 0% used [0x00000000ebd80000,0x00000000ebd80000,0x00000000ec080000)
 ParOldGen       total 89600K, used 87894K [0x00000000c0000000, 0x00000000c5780000, 0x00000000eab00000)
  object space 89600K, 98% used [0x00000000c0000000,0x00000000c55d5b88,0x00000000c5780000)
 Metaspace       used 70734K, committed 71808K, reserved 1114112K
  class space    used 8118K, committed 8576K, reserved 1048576K
}

